<?xml version="1.0" encoding="UTF-8"?>
<coverage generated="1610730749086" clover="3.2.0">
  <project timestamp="1610730749087" name="All files">
    <metrics statements="6" coveredstatements="6" conditionals="0" coveredconditionals="0" methods="2" coveredmethods="2" elements="8" coveredelements="8" complexity="0" loc="6" ncloc="6" packages="1" files="1" classes="1"/>
    <file name="NavTeaElement.vue" path="/mnt/5E0FE31A6B4E2826/webapp/datatea/datatea-frontend/src/components/navigation/NavTeaElement.vue">
      <metrics statements="6" coveredstatements="6" conditionals="0" coveredconditionals="0" methods="2" coveredmethods="2"/>
      <line num="14" count="1" type="stmt"/>
      <line num="20" count="2" type="stmt"/>
      <line num="21" count="1" type="stmt"/>
      <line num="23" count="1" type="stmt"/>
      <line num="26" count="1" type="stmt"/>
      <line num="27" count="1" type="stmt"/>
    </file>
  </project>
</coverage>
